0 info it worked if it ends with ok
1 verbose cli [ 'C:\\Program Files\\nodejs\\node.exe',
1 verbose cli   'C:\\Program Files\\nodejs\\node_modules\\npm\\bin\\npm-cli.js',
1 verbose cli   'start' ]
2 info using npm@3.10.10
3 info using node@v7.2.1
4 verbose run-script [ 'prestart', 'start', 'poststart' ]
5 info lifecycle js-hw-17-18@1.0.0~prestart: js-hw-17-18@1.0.0
6 silly lifecycle js-hw-17-18@1.0.0~prestart: no script for prestart, continuing
7 info lifecycle js-hw-17-18@1.0.0~start: js-hw-17-18@1.0.0
8 verbose lifecycle js-hw-17-18@1.0.0~start: unsafe-perm in lifecycle true
9 verbose lifecycle js-hw-17-18@1.0.0~start: PATH: C:\Program Files\nodejs\node_modules\npm\bin\node-gyp-bin;C:\Users\User\Svitlana3012.github.io\js-hw-17-18\node_modules\.bin;C:\Users\User\AppData\Roaming\npm;C:\Program Files\nodejs\;C:\ProgramData\Oracle\Java\javapath;C:\WINDOWS\system32;C:\WINDOWS;C:\WINDOWS\System32\Wbem;C:\WINDOWS\System32\WindowsPowerShell\v1.0\;C:\Program Files\7-Zip;C:\Program Files\MySQL\MySQL Utilities 1.6\;C:\Program Files\nodejs\;C:\Program Files\Git\cmd;C:\Program Files (x86)\Skype\Phone\;C:\Users\User\AppData\Local\Microsoft\WindowsApps;C:\Users\User\AppData\Roaming\npm
10 verbose lifecycle js-hw-17-18@1.0.0~start: CWD: C:\Users\User\Svitlana3012.github.io\js-hw-17-18
11 silly lifecycle js-hw-17-18@1.0.0~start: Args: [ '/d /s /c', 'gulp start' ]
12 silly lifecycle js-hw-17-18@1.0.0~start: Returned: code: 1  signal: null
13 info lifecycle js-hw-17-18@1.0.0~start: Failed to exec start script
14 verbose stack Error: js-hw-17-18@1.0.0 start: `gulp start`
14 verbose stack Exit status 1
14 verbose stack     at EventEmitter.<anonymous> (C:\Program Files\nodejs\node_modules\npm\lib\utils\lifecycle.js:255:16)
14 verbose stack     at emitTwo (events.js:106:13)
14 verbose stack     at EventEmitter.emit (events.js:191:7)
14 verbose stack     at ChildProcess.<anonymous> (C:\Program Files\nodejs\node_modules\npm\lib\utils\spawn.js:40:14)
14 verbose stack     at emitTwo (events.js:106:13)
14 verbose stack     at ChildProcess.emit (events.js:191:7)
14 verbose stack     at maybeClose (internal/child_process.js:885:16)
14 verbose stack     at Process.ChildProcess._handle.onexit (internal/child_process.js:226:5)
15 verbose pkgid js-hw-17-18@1.0.0
16 verbose cwd C:\Users\User\Svitlana3012.github.io\js-hw-17-18
17 error Windows_NT 10.0.14393
18 error argv "C:\\Program Files\\nodejs\\node.exe" "C:\\Program Files\\nodejs\\node_modules\\npm\\bin\\npm-cli.js" "start"
19 error node v7.2.1
20 error npm  v3.10.10
21 error code ELIFECYCLE
22 error js-hw-17-18@1.0.0 start: `gulp start`
22 error Exit status 1
23 error Failed at the js-hw-17-18@1.0.0 start script 'gulp start'.
23 error Make sure you have the latest version of node.js and npm installed.
23 error If you do, this is most likely a problem with the js-hw-17-18 package,
23 error not with npm itself.
23 error Tell the author that this fails on your system:
23 error     gulp start
23 error You can get information on how to open an issue for this project with:
23 error     npm bugs js-hw-17-18
23 error Or if that isn't available, you can get their info via:
23 error     npm owner ls js-hw-17-18
23 error There is likely additional logging output above.
24 verbose exit [ 1, true ]
