0 info it worked if it ends with ok
1 verbose cli [ 'C:\\Program Files\\nodejs\\node.exe',
1 verbose cli   'C:\\Program Files\\nodejs\\node_modules\\npm\\bin\\npm-cli.js',
1 verbose cli   'run',
1 verbose cli   'watch' ]
2 info using npm@3.10.10
3 info using node@v7.2.1
4 verbose run-script [ 'prewatch', 'watch', 'postwatch' ]
5 info lifecycle js-hw-15-16@1.0.0~prewatch: js-hw-15-16@1.0.0
6 silly lifecycle js-hw-15-16@1.0.0~prewatch: no script for prewatch, continuing
7 info lifecycle js-hw-15-16@1.0.0~watch: js-hw-15-16@1.0.0
8 verbose lifecycle js-hw-15-16@1.0.0~watch: unsafe-perm in lifecycle true
9 verbose lifecycle js-hw-15-16@1.0.0~watch: PATH: C:\Program Files\nodejs\node_modules\npm\bin\node-gyp-bin;C:\Users\User\Svitlana3012.github.io\js-hw-15-16\node_modules\.bin;C:\Users\User\AppData\Roaming\npm;C:\Program Files\nodejs\;C:\ProgramData\Oracle\Java\javapath;C:\WINDOWS\system32;C:\WINDOWS;C:\WINDOWS\System32\Wbem;C:\WINDOWS\System32\WindowsPowerShell\v1.0\;C:\Program Files\7-Zip;C:\Program Files\MySQL\MySQL Utilities 1.6\;C:\Program Files\nodejs\;C:\Program Files\Git\cmd;C:\Program Files (x86)\Skype\Phone\;C:\Users\User\AppData\Local\Microsoft\WindowsApps;C:\Users\User\AppData\Roaming\npm
10 verbose lifecycle js-hw-15-16@1.0.0~watch: CWD: C:\Users\User\Svitlana3012.github.io\js-hw-15-16
11 silly lifecycle js-hw-15-16@1.0.0~watch: Args: [ '/d /s /c', 'babel src -d dist --presets es2015 -w' ]
12 silly lifecycle js-hw-15-16@1.0.0~watch: Returned: code: 2  signal: null
13 info lifecycle js-hw-15-16@1.0.0~watch: Failed to exec watch script
14 verbose stack Error: js-hw-15-16@1.0.0 watch: `babel src -d dist --presets es2015 -w`
14 verbose stack Exit status 2
14 verbose stack     at EventEmitter.<anonymous> (C:\Program Files\nodejs\node_modules\npm\lib\utils\lifecycle.js:255:16)
14 verbose stack     at emitTwo (events.js:106:13)
14 verbose stack     at EventEmitter.emit (events.js:191:7)
14 verbose stack     at ChildProcess.<anonymous> (C:\Program Files\nodejs\node_modules\npm\lib\utils\spawn.js:40:14)
14 verbose stack     at emitTwo (events.js:106:13)
14 verbose stack     at ChildProcess.emit (events.js:191:7)
14 verbose stack     at maybeClose (internal/child_process.js:885:16)
14 verbose stack     at Process.ChildProcess._handle.onexit (internal/child_process.js:226:5)
15 verbose pkgid js-hw-15-16@1.0.0
16 verbose cwd C:\Users\User\Svitlana3012.github.io\js-hw-15-16
17 error Windows_NT 10.0.14393
18 error argv "C:\\Program Files\\nodejs\\node.exe" "C:\\Program Files\\nodejs\\node_modules\\npm\\bin\\npm-cli.js" "run" "watch"
19 error node v7.2.1
20 error npm  v3.10.10
21 error code ELIFECYCLE
22 error js-hw-15-16@1.0.0 watch: `babel src -d dist --presets es2015 -w`
22 error Exit status 2
23 error Failed at the js-hw-15-16@1.0.0 watch script 'babel src -d dist --presets es2015 -w'.
23 error Make sure you have the latest version of node.js and npm installed.
23 error If you do, this is most likely a problem with the js-hw-15-16 package,
23 error not with npm itself.
23 error Tell the author that this fails on your system:
23 error     babel src -d dist --presets es2015 -w
23 error You can get information on how to open an issue for this project with:
23 error     npm bugs js-hw-15-16
23 error Or if that isn't available, you can get their info via:
23 error     npm owner ls js-hw-15-16
23 error There is likely additional logging output above.
24 verbose exit [ 1, true ]
